<?xml version="1.0" encoding="UTF-8"?>
<testsuite name="basicJunit.BasicJunit" tests="1" skipped="1" failures="0" errors="0" timestamp="2022-10-23T01:04:45" hostname="PC-JOE" time="0.0">
  <properties/>
  <testcase name="verifySomeThing()" classname="basicJunit.BasicJunit" time="0.0">
    <skipped/>
  </testcase>
  <system-out><![CDATA[]]></system-out>
  <system-err><![CDATA[]]></system-err>
</testsuite>
